<?xml version="1.0" encoding="UTF-8"?>
<!-- Generated by org.testng.reporters.JUnitXMLReporter -->
<testsuite hostname="DESKTOP-1A19N4L" ignored="0" name="Default test" tests="4" failures="0" timestamp="07 Aug 2018 12:39:00 GMT" time="100.786" errors="0">
  <testcase name="validateAddCompanyTest" time="6.55" classname="com.pwc.qa.testcases.AdminPageTest"/>
  <testcase name="validateAddCompanyTest" time="7.424" classname="com.pwc.qa.testcases.AdminPageTest"/>
  <testcase name="validateAddCompanyTest" time="11.314" classname="com.pwc.qa.testcases.AdminPageTest"/>
  <testcase name="validateAddCompanyTest" time="6.246" classname="com.pwc.qa.testcases.AdminPageTest"/>
</testsuite> <!-- Default test -->
