<?xml version="1.0" encoding="UTF-8"?>
<!-- Generated by org.testng.reporters.JUnitXMLReporter -->
<testsuite hostname="DESKTOP-1A19N4L" ignored="0" name="PwC Application Test Cases" tests="10" failures="0" timestamp="05 Aug 2018 14:11:43 GMT" time="79.311" errors="0">
  <testcase name="loginPageTitleTest" time="0.033" classname="com.pwc.qa.testcases.LoginPageTest"/>
  <testcase name="verifyHomePageTitleTest" time="0.046" classname="com.pwc.qa.testcases.HomePageTest"/>
  <testcase name="pwcLogoImageTest" time="0.057" classname="com.pwc.qa.testcases.LoginPageTest"/>
  <testcase name="verifyUserNameTest" time="0.133" classname="com.pwc.qa.testcases.HomePageTest"/>
  <testcase name="loginTest" time="3.163" classname="com.pwc.qa.testcases.LoginPageTest"/>
  <testcase name="verifyEWBLinkTest" time="0.628" classname="com.pwc.qa.testcases.HomePageTest"/>
  <testcase name="verifyDataLinkTest" time="0.3" classname="com.pwc.qa.testcases.HomePageTest"/>
  <testcase name="verifyReportLinkTest" time="0.261" classname="com.pwc.qa.testcases.HomePageTest"/>
  <testcase name="verifyDashboardLinkTest" time="0.202" classname="com.pwc.qa.testcases.HomePageTest"/>
  <testcase name="verifyAdminLinkTest" time="0.146" classname="com.pwc.qa.testcases.HomePageTest"/>
</testsuite> <!-- PwC Application Test Cases -->
