<?xml version="1.0" encoding="UTF-8"?>
<testng-results skipped="0" failed="0" ignored="0" total="4" passed="4">
  <reporter-output>
  </reporter-output>
  <suite name="Default suite" duration-ms="100786" started-at="2018-08-07T12:37:19Z" finished-at="2018-08-07T12:39:00Z">
    <groups>
    </groups>
    <test name="Default test" duration-ms="100786" started-at="2018-08-07T12:37:19Z" finished-at="2018-08-07T12:39:00Z">
      <class name="com.pwc.qa.testcases.AdminPageTest">
        <test-method status="PASS" signature="setup()[pri:0, instance:com.pwc.qa.testcases.AdminPageTest@6093dd95]" name="setup" is-config="true" duration-ms="16031" started-at="2018-08-07T12:37:20Z" finished-at="2018-08-07T12:37:36Z">
          <reporter-output>
          </reporter-output>
        </test-method> <!-- setup -->
        <test-method status="PASS" signature="validateAddCompanyTest(java.lang.String, java.lang.String)[pri:1, instance:com.pwc.qa.testcases.AdminPageTest@6093dd95]" name="validateAddCompanyTest" duration-ms="6550" started-at="2018-08-07T12:37:36Z" data-provider="getPWCTestData" finished-at="2018-08-07T12:37:43Z">
          <params>
            <param index="0">
              <value>
                <![CDATA[ZBCLL4390X]]>
              </value>
            </param>
            <param index="1">
              <value>
                <![CDATA[Wipro]]>
              </value>
            </param>
          </params>
          <reporter-output>
          </reporter-output>
        </test-method> <!-- validateAddCompanyTest -->
        <test-method status="PASS" signature="setup()[pri:0, instance:com.pwc.qa.testcases.AdminPageTest@6093dd95]" name="setup" is-config="true" duration-ms="17894" started-at="2018-08-07T12:37:43Z" finished-at="2018-08-07T12:38:01Z">
          <reporter-output>
          </reporter-output>
        </test-method> <!-- setup -->
        <test-method status="PASS" signature="validateAddCompanyTest(java.lang.String, java.lang.String)[pri:1, instance:com.pwc.qa.testcases.AdminPageTest@6093dd95]" name="validateAddCompanyTest" duration-ms="7424" started-at="2018-08-07T12:38:01Z" data-provider="getPWCTestData" finished-at="2018-08-07T12:38:08Z">
          <params>
            <param index="0">
              <value>
                <![CDATA[URCLL4390V]]>
              </value>
            </param>
            <param index="1">
              <value>
                <![CDATA[PWCUltra]]>
              </value>
            </param>
          </params>
          <reporter-output>
          </reporter-output>
        </test-method> <!-- validateAddCompanyTest -->
        <test-method status="PASS" signature="setup()[pri:0, instance:com.pwc.qa.testcases.AdminPageTest@6093dd95]" name="setup" is-config="true" duration-ms="14606" started-at="2018-08-07T12:38:08Z" finished-at="2018-08-07T12:38:23Z">
          <reporter-output>
          </reporter-output>
        </test-method> <!-- setup -->
        <test-method status="PASS" signature="validateAddCompanyTest(java.lang.String, java.lang.String)[pri:1, instance:com.pwc.qa.testcases.AdminPageTest@6093dd95]" name="validateAddCompanyTest" duration-ms="11314" started-at="2018-08-07T12:38:23Z" data-provider="getPWCTestData" finished-at="2018-08-07T12:38:34Z">
          <params>
            <param index="0">
              <value>
                <![CDATA[XNCLL4390J]]>
              </value>
            </param>
            <param index="1">
              <value>
                <![CDATA[Electrotherm]]>
              </value>
            </param>
          </params>
          <reporter-output>
          </reporter-output>
        </test-method> <!-- validateAddCompanyTest -->
        <test-method status="PASS" signature="setup()[pri:0, instance:com.pwc.qa.testcases.AdminPageTest@6093dd95]" name="setup" is-config="true" duration-ms="19496" started-at="2018-08-07T12:38:34Z" finished-at="2018-08-07T12:38:53Z">
          <reporter-output>
          </reporter-output>
        </test-method> <!-- setup -->
        <test-method status="PASS" signature="validateAddCompanyTest(java.lang.String, java.lang.String)[pri:1, instance:com.pwc.qa.testcases.AdminPageTest@6093dd95]" name="validateAddCompanyTest" duration-ms="6246" started-at="2018-08-07T12:38:53Z" data-provider="getPWCTestData" finished-at="2018-08-07T12:39:00Z">
          <params>
            <param index="0">
              <value>
                <![CDATA[IPCLL4390U]]>
              </value>
            </param>
            <param index="1">
              <value>
                <![CDATA[Voltas]]>
              </value>
            </param>
          </params>
          <reporter-output>
          </reporter-output>
        </test-method> <!-- validateAddCompanyTest -->
      </class> <!-- com.pwc.qa.testcases.AdminPageTest -->
    </test> <!-- Default test -->
  </suite> <!-- Default suite -->
</testng-results>
